{"first_name":"Geordie","last_name":"Goult","email":"ggoult4@google.co.uk","birthdate":"2005/07/07"}
{"first_name":"Dix","last_name":"Files","email":"dfiles5@ning.com","birthdate":"1996/12/13"}
{"first_name":"Orelee","last_name":"Luetkemeyers","email":"oluetkemeyers6@is.gd","birthdate":"2004/01/24"}
{"first_name":"Domingo","last_name":"Henstone","email":"dhenstone7@joomla.org","birthdate":"1994/07/05"}
{"first_name":"Pamela","last_name":"Durand","email":"pdurand8@woothemes.com","birthdate":"2006/08/05"}
{"first_name":"Marianne","last_name":"Aimson","email":"maimson9@jimdo.com","birthdate":"1990/09/25"}
{"first_name":"Ailbert","last_name":"Ladds","email":"aladdsa@ask.com","birthdate":"1993/07/09"}
{"first_name":"Letty","last_name":"Jedraszek","email":"ljedraszekb@irs.gov","birthdate":"2002/10/30"}
{"first_name":"Josie","last_name":"Duggan","email":"jdugganc@1688.com","birthdate":"1995/04/23"}
{"first_name":"Herman","last_name":"Bannon","email":"hbannond@hatena.ne.jp","birthdate":"2003/10/23"}
{"first_name":"Edin","last_name":"La","email":"Vigne,elavignee@webs.com","birthdate":"1996/10/23"}
{"first_name":"Frazer","last_name":"Sparke","email":"fsparkef@multiply.com","birthdate":"2000/10/22"}
{"first_name":"Bondie","last_name":"Crozier","email":"bcrozierg@weebly.com","birthdate":"1990/11/12"}
{"first_name":"Xena","last_name":"Yellowley","email":"xyellowleyh@purevolume.com","birthdate":"2005/11/03"}
{"first_name":"Emily","last_name":"Ivankin","email":"eivankini@vistaprint.com","birthdate":"2001/03/26"}
{"first_name":"Ingra","last_name":"Boord","email":"iboordj@canalblog.com","birthdate":"1993/06/11"}
{"first_name":"Benjy","last_name":"Flagg","email":"bflaggk@netvibes.com","birthdate":"1992/07/21"}
{"first_name":"Kaycee","last_name":"Hindrich","email":"khindrichl@bloomberg.com","birthdate":"1989/11/22"}
{"first_name":"Susi","last_name":"Varfalameev","email":"svarfalameevm@biblegateway.com","birthdate":"1999/08/25"}
{"first_name":"Hersh","last_name":"Stoppe","email":"hstoppen@youku.com","birthdate":"2008/02/15"}
{"first_name":"Ferdinanda","last_name":"Yashnov","email":"fyashnovo@samsung.com","birthdate":"2004/02/28"}
{"first_name":"Herve","last_name":"Hallut","email":"hhallutp@ustream.tv","birthdate":"2005/02/24"}
{"first_name":"Cobbie","last_name":"Trusler","email":"ctruslerq@nifty.com","birthdate":"2002/05/10"}
{"first_name":"Randi","last_name":"Kuhwald","email":"rkuhwaldr@example.com","birthdate":"2001/08/11"}
{"first_name":"Georgine","last_name":"Ranstead","email":"gransteads@list-manage.com","birthdate":"1995/08/08"}
{"first_name":"Melisa","last_name":"Heatly","email":"mheatlyt@theatlantic.com","birthdate":"1997/02/18"}
{"first_name":"Aurie","last_name":"Hurrell","email":"ahurrellu@github.io","birthdate":"1995/10/30"}
{"first_name":"Lynnea","last_name":"Newell","email":"lnewellv@state.tx.us","birthdate":"1994/12/23"}
{"first_name":"Trumann","last_name":"Jerman","email":"tjermanw@sciencedirect.com","birthdate":"2004/06/09"}
{"first_name":"Shandie","last_name":"Yearby","email":"syearbyx@printfriendly.com","birthdate":"1996/07/09"}